/search.php (Status: 301)
/install.php (Status: 301)
/LICENSE.txt (Status: 301)
/cron.php (Status: 301)
/index.php (Status: 301)
/profile.php (Status: 301)
/memberlist.php (Status: 301)
/register.php (Status: 301)
/login.php (Status: 301)
/misc.php (Status: 301)
/newreply.php (Status: 301)
/private.php (Status: 301)
/update.php (Status: 301)
/UPGRADE.txt (Status: 301)
/CHANGELOG.txt (Status: 301)
/MAINTAINERS.txt (Status: 301)
/INSTALL.pgsql.txt (Status: 301)
/INSTALL.mysql.txt (Status: 301)
/INSTALL.txt (Status: 301)
/newthread.php (Status: 301)
/report.php (Status: 301)
/calendar.php (Status: 301)
/editpost.php (Status: 301)
/usercp.php (Status: 301)
/member.php (Status: 301)
/threadrate.php (Status: 301)
/online.php (Status: 301)
/sendmessage.php (Status: 301)
/wp-login.php (Status: 302)
/printthread.php (Status: 301)
/image.php (Status: 301)
/subscription.php (Status: 301)
/moderator.php (Status: 301)
/postings.php (Status: 301)
/reputation.php (Status: 301)
/faq.php (Status: 301)
/ajax.php (Status: 301)
/attachment.php (Status: 301)
/joinrequests.php (Status: 301)
/poll.php (Status: 301)
/showgroups.php (Status: 301)
/admin.php (Status: 301)
/usernote.php (Status: 301)
/account.php (Status: 301)
/rss.php (Status: 301)
/advanced_search.php (Status: 301)
/global.php (Status: 301)
/inlinemod.php (Status: 301)
/newattachment.php (Status: 301)
/posting.php (Status: 301)
/create_account.php (Status: 301)
/wp-register.php (Status: 301)
/shopping_cart.php (Status: 301)
/popup_image.php (Status: 301)
/index.html (Status: 301)
/cart.php (Status: 301)
/account_edit.php (Status: 301)
/go.php (Status: 301)
/address_book.php (Status: 301)
/download.php (Status: 301)
/redirect.php (Status: 301)
/logoff.php (Status: 301)
/account_history.php (Status: 301)
/config.php (Status: 301)
/payments.php (Status: 301)
/modcp.php (Status: 301)
/privmsg.php (Status: 301)
/contact_us.php (Status: 301)
/privacy.php (Status: 301)
/cookie_usage.php (Status: 301)
/groupcp.php (Status: 301)
/count.php (Status: 301)
/showpost.php (Status: 301)
/viewonline.php (Status: 301)
/product_reviews.php (Status: 301)
/statistics.html (Status: 301)
/announcement.php (Status: 301)
/reviews.php (Status: 301)
/viewtopic.php (Status: 301)
/shipping.php (Status: 301)
/recommend.php (Status: 301)
/mytag_js.php (Status: 301)
/stow.php (Status: 301)
/feedback_js.php (Status: 301)
/ad_js.php (Status: 301)
/disdls.php (Status: 301)
/carbuyaction.php (Status: 301)
/erraddsave.php (Status: 301)
/posttocar.php (Status: 301)
/car.php (Status: 301)
/shops_buyaction.php (Status: 301)
/order.php (Status: 301)
/advancedsearch.php (Status: 301)
/boost_stats.php (Status: 301)
/favicon.ico (Status: 302)
/privacy.html (Status: 301)
/index2.php (Status: 301)
/ucp.php (Status: 301)
/common.php (Status: 301)
/login.html (Status: 301)
/footer.php (Status: 301)
/contact.php (Status: 301)
/home.php (Status: 301)
/viewforum.php (Status: 301)
